[Fri Nov 06 2020 16:53:11.860]  LOG      {
  "ch": "gold.market.ALL.account",
  "data": {
    "entrust": {
      "back_time": "",
      "binance_id": 717668173,
      "coin_num": 13.9,
      "create_time": "2020-11-06 16:53:11",
      "cron_price": 0,
      "custom_id": "web_AAFXzwerIldYiVypTyiXarmJvhuP",
      "deal_coin_num": 0,
      "id": 47972,
      "lever": 10,
      "lower_type": "1",
      "platform": "1",
      "price": 0,
      "price_type": "2",
      "sell_buy": "2",
      "status": "1",
      "surplus_coin_num": 13.9,
      "symbol": "XRP",
      "track_id": 0,
      "trust_type": "2",
      "type": "1",
      "update_time": "",
      "user_id": 5
    },
    "hold": null,
    "type": "1",
    "user_id": 5
  },
  "ts": 1604652791606
}
[Fri Nov 06 2020 16:53:11.879]  LOG      {
  "ch": "gold.market.ALL.account",
  "data": {
    "entrust": {
      "back_time": "",
      "binance_id": 717668173,
      "coin_num": 13.9,
      "create_time": "2020-11-06 16:53:11",
      "cron_price": 0,
      "custom_id": "web_AAFXzwerIldYiVypTyiXarmJvhuP",
      "deal_coin_num": 0,
      "id": 47972,
      "lever": 10,
      "lower_type": "1",
      "platform": "1",
      "price": 0,
      "price_type": "2",
      "sell_buy": "2",
      "status": "1",
      "surplus_coin_num": 13.9,
      "symbol": "XRP",
      "track_id": 0,
      "trust_type": "2",
      "type": "1",
      "update_time": "",
      "user_id": 5
    },
    "hold": null,
    "type": "1",
    "user_id": 5
  },
  "ts": 1604652791606
}
[Fri Nov 06 2020 16:53:11.918]  LOG      {
  "ch": "gold.market.ALL.account",
  "data": {
    "entrust": {
      "back_time": "",
      "binance_id": 717668173,
      "coin_num": 13.9,
      "create_time": "2020-11-06 16:53:11",
      "cron_price": 0.2529,
      "custom_id": "web_AAFXzwerIldYiVypTyiXarmJvhuP",
      "deal_coin_num": 13.9,
      "id": 47972,
      "lever": 10,
      "lower_type": "1",
      "platform": "1",
      "price": 0,
      "price_type": "2",
      "sell_buy": "2",
      "status": "2",
      "surplus_coin_num": 0,
      "symbol": "XRP",
      "track_id": 0,
      "trust_type": "2",
      "type": "1",
      "update_time": "2020-11-06 16:53:11",
      "user_id": 5
    },
    "hold": {
      "already_profit": 0.68343,
      "coin_num": 13.9,
      "coin_value": 0,
      "create_time": "2020-09-14 10:15:47",
      "create_unix": 1600049747312,
      "deal_coin_num": 13.9,
      "deal_price": 0.2529,
      "ensure_num": 0,
      "finish_time": "",
      "id": 10073,
      "lever": 0,
      "lower_type": "1",
      "price": 0.2037,
      "status": "2",
      "surplus_coin_num": 0,
      "symbol": "XRP",
      "track_id": 0,
      "type": "1",
      "update_time": "2020-11-06 16:53:11",
      "user_id": 5
    },
    "type": "4",
    "user_id": 5
  },
  "ts": 1604652791619
}
[Fri Nov 06 2020 16:53:11.919]  LOG      {
  "ch": "gold.market.ALL.account",
  "data": {
    "entrust": {
      "back_time": "",
      "binance_id": 717668173,
      "coin_num": 13.9,
      "create_time": "2020-11-06 16:53:11",
      "cron_price": 0.2529,
      "custom_id": "web_AAFXzwerIldYiVypTyiXarmJvhuP",
      "deal_coin_num": 13.9,
      "id": 47972,
      "lever": 10,
      "lower_type": "1",
      "platform": "1",
      "price": 0,
      "price_type": "2",
      "sell_buy": "2",
      "status": "2",
      "surplus_coin_num": 0,
      "symbol": "XRP",
      "track_id": 0,
      "trust_type": "2",
      "type": "1",
      "update_time": "2020-11-06 16:53:11",
      "user_id": 5
    },
    "hold": {
      "already_profit": 0.68343,
      "coin_num": 13.9,
      "coin_value": 0,
      "create_time": "2020-09-14 10:15:47",
      "create_unix": 1600049747312,
      "deal_coin_num": 13.9,
      "deal_price": 0.2529,
      "ensure_num": 0,
      "finish_time": "",
      "id": 10073,
      "lever": 0,
      "lower_type": "1",
      "price": 0.2037,
      "status": "2",
      "surplus_coin_num": 0,
      "symbol": "XRP",
      "track_id": 0,
      "type": "1",
      "update_time": "2020-11-06 16:53:11",
      "user_id": 5
    },
    "type": "4",
    "user_id": 5
  },
  "ts": 1604652791619
}
[Fri Nov 06 2020 16:53:11.936]  LOG      {
  "ch": "gold.market.ALL.account",
  "data": {
    "entrust": {
      "back_time": "",
      "binance_id": 717668173,
      "coin_num": 13.9,
      "create_time": "2020-11-06 16:53:11",
      "cron_price": 0.2529,
      "custom_id": "web_AAFXzwerIldYiVypTyiXarmJvhuP",
      "deal_coin_num": 13.9,
      "id": 47972,
      "lever": 10,
      "lower_type": "1",
      "platform": "1",
      "price": 0,
      "price_type": "2",
      "sell_buy": "2",
      "status": "2",
      "surplus_coin_num": 0,
      "symbol": "XRP",
      "track_id": 0,
      "trust_type": "2",
      "type": "1",
      "update_time": "2020-11-06 16:53:11",
      "user_id": 5
    },
    "hold": {
      "already_profit": 0.68343,
      "coin_num": 13.9,
      "coin_value": 0,
      "create_time": "2020-09-14 10:15:47",
      "create_unix": 1600049747312,
      "deal_coin_num": 13.9,
      "deal_price": 0.2529,
      "ensure_num": 0,
      "finish_time": "",
      "id": 10073,
      "lever": 0,
      "lower_type": "1",
      "price": 0.2037,
      "status": "2",
      "surplus_coin_num": 0,
      "symbol": "XRP",
      "track_id": 0,
      "type": "1",
      "update_time": "2020-11-06 16:53:11",
      "user_id": 5
    },
    "type": "4",
    "user_id": 5
  },
  "ts": 1604652791619
}
[Fri Nov 06 2020 16:53:11.937]  LOG      {
  "ch": "gold.market.ALL.account",
  "data": {
    "entrust": {
      "back_time": "",
      "binance_id": 717668173,
      "coin_num": 13.9,
      "create_time": "2020-11-06 16:53:11",
      "cron_price": 0.2529,
      "custom_id": "web_AAFXzwerIldYiVypTyiXarmJvhuP",
      "deal_coin_num": 13.9,
      "id": 47972,
      "lever": 10,
      "lower_type": "1",
      "platform": "1",
      "price": 0,
      "price_type": "2",
      "sell_buy": "2",
      "status": "2",
      "surplus_coin_num": 0,
      "symbol": "XRP",
      "track_id": 0,
      "trust_type": "2",
      "type": "1",
      "update_time": "2020-11-06 16:53:11",
      "user_id": 5
    },
    "hold": {
      "already_profit": 0.68343,
      "coin_num": 13.9,
      "coin_value": 0,
      "create_time": "2020-09-14 10:15:47",
      "create_unix": 1600049747312,
      "deal_coin_num": 13.9,
      "deal_price": 0.2529,
      "ensure_num": 0,
      "finish_time": "",
      "id": 10073,
      "lever": 0,
      "lower_type": "1",
      "price": 0.2037,
      "status": "2",
      "surplus_coin_num": 0,
      "symbol": "XRP",
      "track_id": 0,
      "type": "1",
      "update_time": "2020-11-06 16:53:11",
      "user_id": 5
    },
    "type": "4",
    "user_id": 5
  },
  "ts": 1604652791619
}
[Fri Nov 06 2020 16:53:11.937]  LOG      {
  "ch": "gold.market.ALL.account",
  "data": {
    "entrust": {
      "back_time": "",
      "binance_id": 717668173,
      "coin_num": 13.9,
      "create_time": "2020-11-06 16:53:11",
      "cron_price": 0.2529,
      "custom_id": "web_AAFXzwerIldYiVypTyiXarmJvhuP",
      "deal_coin_num": 13.9,
      "id": 47972,
      "lever": 10,
      "lower_type": "1",
      "platform": "1",
      "price": 0,
      "price_type": "2",
      "sell_buy": "2",
      "status": "2",
      "surplus_coin_num": 0,
      "symbol": "XRP",
      "track_id": 0,
      "trust_type": "2",
      "type": "1",
      "update_time": "2020-11-06 16:53:11",
      "user_id": 5
    },
    "hold": {
      "already_profit": 0.68343,
      "coin_num": 13.9,
      "coin_value": 0,
      "create_time": "2020-09-14 10:15:47",
      "create_unix": 1600049747312,
      "deal_coin_num": 13.9,
      "deal_price": 0.2529,
      "ensure_num": 0,
      "finish_time": "",
      "id": 10073,
      "lever": 0,
      "lower_type": "1",
      "price": 0.2037,
      "status": "2",
      "surplus_coin_num": 0,
      "symbol": "XRP",
      "track_id": 0,
      "type": "1",
      "update_time": "2020-11-06 16:53:11",
      "user_id": 5
    },
    "type": "4",
    "user_id": 5
  },
  "ts": 1604652791619
}
[Fri Nov 06 2020 16:53:11.937]  LOG      {
  "ch": "gold.market.ALL.account",
  "data": {
    "entrust": {
      "back_time": "",
      "binance_id": 717668173,
      "coin_num": 13.9,
      "create_time": "2020-11-06 16:53:11",
      "cron_price": 0.2529,
      "custom_id": "web_AAFXzwerIldYiVypTyiXarmJvhuP",
      "deal_coin_num": 13.9,
      "id": 47972,
      "lever": 10,
      "lower_type": "1",
      "platform": "1",
      "price": 0,
      "price_type": "2",
      "sell_buy": "2",
      "status": "2",
      "surplus_coin_num": 0,
      "symbol": "XRP",
      "track_id": 0,
      "trust_type": "2",
      "type": "1",
      "update_time": "2020-11-06 16:53:11",
      "user_id": 5
    },
    "hold": {
      "already_profit": 0.68343,
      "coin_num": 13.9,
      "coin_value": 0,
      "create_time": "2020-09-14 10:15:47",
      "create_unix": 1600049747312,
      "deal_coin_num": 13.9,
      "deal_price": 0.2529,
      "ensure_num": 0,
      "finish_time": "",
      "id": 10073,
      "lever": 0,
      "lower_type": "1",
      "price": 0.2037,
      "status": "2",
      "surplus_coin_num": 0,
      "symbol": "XRP",
      "track_id": 0,
      "type": "1",
      "update_time": "2020-11-06 16:53:11",
      "user_id": 5
    },
    "type": "4",
    "user_id": 5
  },
  "ts": 1604652791619
}
[Fri Nov 06 2020 16:53:11.950]  LOG      {
  "ch": "gold.market.ALL.account",
  "data": {
    "entrust": {
      "back_time": "",
      "binance_id": 717668173,
      "coin_num": 13.9,
      "create_time": "2020-11-06 16:53:11",
      "cron_price": 0.2529,
      "custom_id": "web_AAFXzwerIldYiVypTyiXarmJvhuP",
      "deal_coin_num": 13.9,
      "id": 47972,
      "lever": 10,
      "lower_type": "1",
      "platform": "1",
      "price": 0,
      "price_type": "2",
      "sell_buy": "2",
      "status": "2",
      "surplus_coin_num": 0,
      "symbol": "XRP",
      "track_id": 0,
      "trust_type": "2",
      "type": "1",
      "update_time": "2020-11-06 16:53:11",
      "user_id": 5
    },
    "hold": {
      "already_profit": 0.68343,
      "coin_num": 13.9,
      "coin_value": 0,
      "create_time": "2020-09-14 10:15:47",
      "create_unix": 1600049747312,
      "deal_coin_num": 13.9,
      "deal_price": 0.2529,
      "ensure_num": 0,
      "finish_time": "",
      "id": 10073,
      "lever": 0,
      "lower_type": "1",
      "price": 0.2037,
      "status": "2",
      "surplus_coin_num": 0,
      "symbol": "XRP",
      "track_id": 0,
      "type": "1",
      "update_time": "2020-11-06 16:53:11",
      "user_id": 5
    },
    "type": "4",
    "user_id": 5
  },
  "ts": 1604652791619
}
[Fri Nov 06 2020 16:53:11.965]  LOG      {
  "ch": "gold.market.ALL.account",
  "data": {
    "entrust": {
      "back_time": "",
      "binance_id": 717668173,
      "coin_num": 13.9,
      "create_time": "2020-11-06 16:53:11",
      "cron_price": 0.2529,
      "custom_id": "web_AAFXzwerIldYiVypTyiXarmJvhuP",
      "deal_coin_num": 13.9,
      "id": 47972,
      "lever": 10,
      "lower_type": "1",
      "platform": "1",
      "price": 0,
      "price_type": "2",
      "sell_buy": "2",
      "status": "2",
      "surplus_coin_num": 0,
      "symbol": "XRP",
      "track_id": 0,
      "trust_type": "2",
      "type": "1",
      "update_time": "2020-11-06 16:53:11",
      "user_id": 5
    },
    "hold": {
      "already_profit": 0.68343,
      "coin_num": 13.9,
      "coin_value": 0,
      "create_time": "2020-09-14 10:15:47",
      "create_unix": 1600049747312,
      "deal_coin_num": 13.9,
      "deal_price": 0.2529,
      "ensure_num": 0,
      "finish_time": "",
      "id": 10073,
      "lever": 0,
      "lower_type": "1",
      "price": 0.2037,
      "status": "2",
      "surplus_coin_num": 0,
      "symbol": "XRP",
      "track_id": 0,
      "type": "1",
      "update_time": "2020-11-06 16:53:11",
      "user_id": 5
    },
    "type": "4",
    "user_id": 5
  },
  "ts": 1604652791619
}
[Fri Nov 06 2020 16:53:11.994]  LOG      {
  "ch": "gold.market.ALL.account",
  "data": {
    "entrust": {
      "back_time": "",
      "binance_id": 717668173,
      "coin_num": 13.9,
      "create_time": "2020-11-06 16:53:11",
      "cron_price": 0.2529,
      "custom_id": "web_AAFXzwerIldYiVypTyiXarmJvhuP",
      "deal_coin_num": 13.9,
      "id": 47972,
      "lever": 10,
      "lower_type": "1",
      "platform": "1",
      "price": 0,
      "price_type": "2",
      "sell_buy": "2",
      "status": "2",
      "surplus_coin_num": 0,
      "symbol": "XRP",
      "track_id": 0,
      "trust_type": "2",
      "type": "1",
      "update_time": "2020-11-06 16:53:11",
      "user_id": 5
    },
    "hold": {
      "already_profit": 0.68343,
      "coin_num": 13.9,
      "coin_value": 0,
      "create_time": "2020-09-14 10:15:47",
      "create_unix": 1600049747312,
      "deal_coin_num": 13.9,
      "deal_price": 0.2529,
      "ensure_num": 0,
      "finish_time": "",
      "id": 10073,
      "lever": 0,
      "lower_type": "1",
      "price": 0.2037,
      "status": "2",
      "surplus_coin_num": 0,
      "symbol": "XRP",
      "track_id": 0,
      "type": "1",
      "update_time": "2020-11-06 16:53:11",
      "user_id": 5
    },
    "type": "4",
    "user_id": 5
  },
  "ts": 1604652791619
}
[Fri Nov 06 2020 16:53:12.260]  LOG      {
  "ch": "gold.market.ALL.account",
  "data": {
    "entrust": {
      "back_time": "",
      "binance_id": 717668173,
      "coin_num": 13.9,
      "create_time": "2020-11-06 16:53:11",
      "cron_price": 0.2529,
      "custom_id": "web_AAFXzwerIldYiVypTyiXarmJvhuP",
      "deal_coin_num": 13.9,
      "id": 47972,
      "lever": 10,
      "lower_type": "1",
      "platform": "1",
      "price": 0,
      "price_type": "2",
      "sell_buy": "2",
      "status": "2",
      "surplus_coin_num": 0,
      "symbol": "XRP",
      "track_id": 0,
      "trust_type": "2",
      "type": "1",
      "update_time": "2020-11-06 16:53:11",
      "user_id": 5
    },
    "hold": {
      "already_profit": 0.68343,
      "coin_num": 13.9,
      "coin_value": 0,
      "create_time": "2020-09-14 10:15:47",
      "create_unix": 1600049747312,
      "deal_coin_num": 13.9,
      "deal_price": 0.2529,
      "ensure_num": 0,
      "finish_time": "",
      "id": 10073,
      "lever": 0,
      "lower_type": "1",
      "price": 0.2037,
      "status": "2",
      "surplus_coin_num": 0,
      "symbol": "XRP",
      "track_id": 0,
      "type": "1",
      "update_time": "2020-11-06 16:53:11",
      "user_id": 5
    },
    "type": "4",
    "user_id": 5
  },
  "ts": 1604652791619
}
[Fri Nov 06 2020 16:53:12.430]  LOG      {
  "ch": "gold.market.ALL.account",
  "data": {
    "entrust": {
      "back_time": "",
      "binance_id": 717668173,
      "coin_num": 13.9,
      "create_time": "2020-11-06 16:53:11",
      "cron_price": 0.2529,
      "custom_id": "web_AAFXzwerIldYiVypTyiXarmJvhuP",
      "deal_coin_num": 13.9,
      "id": 47972,
      "lever": 10,
      "lower_type": "1",
      "platform": "1",
      "price": 0,
      "price_type": "2",
      "sell_buy": "2",
      "status": "2",
      "surplus_coin_num": 0,
      "symbol": "XRP",
      "track_id": 0,
      "trust_type": "2",
      "type": "1",
      "update_time": "2020-11-06 16:53:11",
      "user_id": 5
    },
    "hold": {
      "already_profit": 0.68343,
      "coin_num": 13.9,
      "coin_value": 0,
      "create_time": "2020-09-14 10:15:47",
      "create_unix": 1600049747312,
      "deal_coin_num": 13.9,
      "deal_price": 0.2529,
      "ensure_num": 0,
      "finish_time": "",
      "id": 10073,
      "lever": 0,
      "lower_type": "1",
      "price": 0.2037,
      "status": "2",
      "surplus_coin_num": 0,
      "symbol": "XRP",
      "track_id": 0,
      "type": "1",
      "update_time": "2020-11-06 16:53:11",
      "user_id": 5
    },
    "type": "4",
    "user_id": 5
  },
  "ts": 1604652791619
}
[Fri Nov 06 2020 16:53:12.720]  LOG      {
  "ch": "gold.market.ALL.account",
  "data": {
    "entrust": {
      "back_time": "",
      "binance_id": 717668173,
      "coin_num": 13.9,
      "create_time": "2020-11-06 16:53:11",
      "cron_price": 0.2529,
      "custom_id": "web_AAFXzwerIldYiVypTyiXarmJvhuP",
      "deal_coin_num": 13.9,
      "id": 47972,
      "lever": 10,
      "lower_type": "1",
      "platform": "1",
      "price": 0,
      "price_type": "2",
      "sell_buy": "2",
      "status": "2",
      "surplus_coin_num": 0,
      "symbol": "XRP",
      "track_id": 0,
      "trust_type": "2",
      "type": "1",
      "update_time": "2020-11-06 16:53:11",
      "user_id": 5
    },
    "hold": {
      "already_profit": 0.68343,
      "coin_num": 13.9,
      "coin_value": 0,
      "create_time": "2020-09-14 10:15:47",
      "create_unix": 1600049747312,
      "deal_coin_num": 13.9,
      "deal_price": 0.2529,
      "ensure_num": 0,
      "finish_time": "",
      "id": 10073,
      "lever": 0,
      "lower_type": "1",
      "price": 0.2037,
      "status": "2",
      "surplus_coin_num": 0,
      "symbol": "XRP",
      "track_id": 0,
      "type": "1",
      "update_time": "2020-11-06 16:53:11",
      "user_id": 5
    },
    "type": "4",
    "user_id": 5
  },
  "ts": 1604652791619
}
[Fri Nov 06 2020 16:53:12.860]  LOG      {
  "ch": "gold.market.ALL.account",
  "data": {
    "entrust": {
      "back_time": "",
      "binance_id": 717668173,
      "coin_num": 13.9,
      "create_time": "2020-11-06 16:53:11",
      "cron_price": 0.2529,
      "custom_id": "web_AAFXzwerIldYiVypTyiXarmJvhuP",
      "deal_coin_num": 13.9,
      "id": 47972,
      "lever": 10,
      "lower_type": "1",
      "platform": "1",
      "price": 0,
      "price_type": "2",
      "sell_buy": "2",
      "status": "2",
      "surplus_coin_num": 0,
      "symbol": "XRP",
      "track_id": 0,
      "trust_type": "2",
      "type": "1",
      "update_time": "2020-11-06 16:53:11",
      "user_id": 5
    },
    "hold": {
      "already_profit": 0.68343,
      "coin_num": 13.9,
      "coin_value": 0,
      "create_time": "2020-09-14 10:15:47",
      "create_unix": 1600049747312,
      "deal_coin_num": 13.9,
      "deal_price": 0.2529,
      "ensure_num": 0,
      "finish_time": "",
      "id": 10073,
      "lever": 0,
      "lower_type": "1",
      "price": 0.2037,
      "status": "2",
      "surplus_coin_num": 0,
      "symbol": "XRP",
      "track_id": 0,
      "type": "1",
      "update_time": "2020-11-06 16:53:11",
      "user_id": 5
    },
    "type": "4",
    "user_id": 5
  },
  "ts": 1604652791619
}
[Fri Nov 06 2020 16:53:12.101]  LOG      {
  "ch": "gold.market.ALL.account",
  "data": {
    "entrust": {
      "back_time": "",
      "binance_id": 717668173,
      "coin_num": 13.9,
      "create_time": "2020-11-06 16:53:11",
      "cron_price": 0.2529,
      "custom_id": "web_AAFXzwerIldYiVypTyiXarmJvhuP",
      "deal_coin_num": 13.9,
      "id": 47972,
      "lever": 10,
      "lower_type": "1",
      "platform": "1",
      "price": 0,
      "price_type": "2",
      "sell_buy": "2",
      "status": "2",
      "surplus_coin_num": 0,
      "symbol": "XRP",
      "track_id": 0,
      "trust_type": "2",
      "type": "1",
      "update_time": "2020-11-06 16:53:11",
      "user_id": 5
    },
    "hold": {
      "already_profit": 0.68343,
      "coin_num": 13.9,
      "coin_value": 0,
      "create_time": "2020-09-14 10:15:47",
      "create_unix": 1600049747312,
      "deal_coin_num": 13.9,
      "deal_price": 0.2529,
      "ensure_num": 0,
      "finish_time": "",
      "id": 10073,
      "lever": 0,
      "lower_type": "1",
      "price": 0.2037,
      "status": "2",
      "surplus_coin_num": 0,
      "symbol": "XRP",
      "track_id": 0,
      "type": "1",
      "update_time": "2020-11-06 16:53:11",
      "user_id": 5
    },
    "type": "4",
    "user_id": 5
  },
  "ts": 1604652791619
}
[Fri Nov 06 2020 16:53:12.132]  LOG      {
  "ch": "gold.market.ALL.account",
  "data": {
    "entrust": {
      "back_time": "",
      "binance_id": 717668173,
      "coin_num": 13.9,
      "create_time": "2020-11-06 16:53:11",
      "cron_price": 0.2529,
      "custom_id": "web_AAFXzwerIldYiVypTyiXarmJvhuP",
      "deal_coin_num": 13.9,
      "id": 47972,
      "lever": 10,
      "lower_type": "1",
      "platform": "1",
      "price": 0,
      "price_type": "2",
      "sell_buy": "2",
      "status": "2",
      "surplus_coin_num": 0,
      "symbol": "XRP",
      "track_id": 0,
      "trust_type": "2",
      "type": "1",
      "update_time": "2020-11-06 16:53:11",
      "user_id": 5
    },
    "hold": {
      "already_profit": 0.68343,
      "coin_num": 13.9,
      "coin_value": 0,
      "create_time": "2020-09-14 10:15:47",
      "create_unix": 1600049747312,
      "deal_coin_num": 13.9,
      "deal_price": 0.2529,
      "ensure_num": 0,
      "finish_time": "",
      "id": 10073,
      "lever": 0,
      "lower_type": "1",
      "price": 0.2037,
      "status": "2",
      "surplus_coin_num": 0,
      "symbol": "XRP",
      "track_id": 0,
      "type": "1",
      "update_time": "2020-11-06 16:53:11",
      "user_id": 5
    },
    "type": "4",
    "user_id": 5
  },
  "ts": 1604652791619
}
[Fri Nov 06 2020 16:53:12.147]  LOG      {
  "ch": "gold.market.ALL.account",
  "data": {
    "entrust": {
      "back_time": "",
      "binance_id": 717668173,
      "coin_num": 13.9,
      "create_time": "2020-11-06 16:53:11",
      "cron_price": 0.2529,
      "custom_id": "web_AAFXzwerIldYiVypTyiXarmJvhuP",
      "deal_coin_num": 13.9,
      "id": 47972,
      "lever": 10,
      "lower_type": "1",
      "platform": "1",
      "price": 0,
      "price_type": "2",
      "sell_buy": "2",
      "status": "2",
      "surplus_coin_num": 0,
      "symbol": "XRP",
      "track_id": 0,
      "trust_type": "2",
      "type": "1",
      "update_time": "2020-11-06 16:53:11",
      "user_id": 5
    },
    "hold": {
      "already_profit": 0.68343,
      "coin_num": 13.9,
      "coin_value": 0,
      "create_time": "2020-09-14 10:15:47",
      "create_unix": 1600049747312,
      "deal_coin_num": 13.9,
      "deal_price": 0.2529,
      "ensure_num": 0,
      "finish_time": "",
      "id": 10073,
      "lever": 0,
      "lower_type": "1",
      "price": 0.2037,
      "status": "2",
      "surplus_coin_num": 0,
      "symbol": "XRP",
      "track_id": 0,
      "type": "1",
      "update_time": "2020-11-06 16:53:11",
      "user_id": 5
    },
    "type": "4",
    "user_id": 5
  },
  "ts": 1604652791619
}
[Fri Nov 06 2020 16:53:12.177]  LOG      {
  "ch": "gold.market.ALL.account",
  "data": {
    "entrust": {
      "back_time": "",
      "binance_id": 717668173,
      "coin_num": 13.9,
      "create_time": "2020-11-06 16:53:11",
      "cron_price": 0.2529,
      "custom_id": "web_AAFXzwerIldYiVypTyiXarmJvhuP",
      "deal_coin_num": 13.9,
      "id": 47972,
      "lever": 10,
      "lower_type": "1",
      "platform": "1",
      "price": 0,
      "price_type": "2",
      "sell_buy": "2",
      "status": "2",
      "surplus_coin_num": 0,
      "symbol": "XRP",
      "track_id": 0,
      "trust_type": "2",
      "type": "1",
      "update_time": "2020-11-06 16:53:11",
      "user_id": 5
    },
    "hold": {
      "already_profit": 0.68343,
      "coin_num": 13.9,
      "coin_value": 0,
      "create_time": "2020-09-14 10:15:47",
      "create_unix": 1600049747312,
      "deal_coin_num": 13.9,
      "deal_price": 0.2529,
      "ensure_num": 0,
      "finish_time": "",
      "id": 10073,
      "lever": 0,
      "lower_type": "1",
      "price": 0.2037,
      "status": "2",
      "surplus_coin_num": 0,
      "symbol": "XRP",
      "track_id": 0,
      "type": "1",
      "update_time": "2020-11-06 16:53:11",
      "user_id": 5
    },
    "type": "4",
    "user_id": 5
  },
  "ts": 1604652791619
}
