[1]0启动页.jpg(success)
[0.25]1登录.jpg
[0.25]2手机注册.jpg
[0.25]3选择区号.jpg
[0.25]4邮箱注册.jpg
[0.25]5安全验证.jpg
[0.25]6安全验证.jpg
[0.25]7输入短信验证码.jpg
[0.25]8设置密码.jpg
[0.25]9忘记密码.jpg
[0.25]10重置密码.jpg
[2]11首页.jpg(success)
[0.25]12消息.jpg(success)
[0.25]13消息详情.jpg(success)
[0.25]14帮助中心.jpg(success)
[0.25]15帮助详情.jpg(success)
[0.5]16行情_空白页.jpg
[0.25]17搜索.jpg
[0.1]18清空历史记录.jpg
[0.5]19自选.jpg
[0.5]20自选管理.jpg
[0.1]21删除记录.jpg
[2]22usdt合约.jpg
[0.25]23切换.jpg
[2]23_1K线图_成交.jpg
[0.25]23_2K线图_深度.jpg
[0.25]24限价切换.jpg
[0.25]25选择杠杆.jpg
[0.25]26计划委托.jpg
[0.2]27确认下单.jpg
[0.2]28资金转入.jpg
[0.5]29资金转入.jpg
[0.25]30_3输入交易密码.jpg
[0.25]30_2设置交易密码.jpg
[0.2]30_1选择币种.jpg
[0.25]30选择账户.jpg
[0.1]31转账成功.jpg
[0.25]32转账记录.jpg
[1]33收益计算.jpg
[0.2]34计算结果.jpg
[0.5]35按预期收益率.jpg
[0.5]36按预期收益.jpg
[0.2]37目标计算结果.jpg
[0.3]38强平价格计算.jpg
[0.1]39强平计算结果.jpg
[1]40币币交易.jpg
[0.5]41币币交易卖出.jpg
[0.5]42K线图_深度.jpg
[0.5]43K线图_成交.jpg
[0.5]50个人中心.jpg(success)
[0.25]51充值.jpg(success)
[0.25]52充值记录.jpg(success)
[0.5]53提币.jpg(success)
[0.1]54提币申请.jpg(success)
[0.25]55提币记录.jpg(success)
[0.25]56安全中心.jpg(success)
[0.5]57修改登录密码.jpg(success)
[0.2]58_1修改成功.jpg(success)
[0.25]58修改交易密码.jpg(success)
[0.25]59我的邀请.jpg(success)
[0.25]59_1绑定手机号.jpg(success)
[0.25]59_2绑定邮箱.jpg(success)
[0.25]59_3账单明细.jpg(success)
[0.25]59_4账单筛选.jpg(success)
[0.25]60推荐列表.jpg(success)
[0.5]61身份认证.jpg(success)
[0.25]62认证成功.jpg(success)
[0.25]63跟单.jpg(success)
[1]64跟单详情.jpg(success)
[0.5]65设置跟单方式.jpg(success)
[0.25]66_1跟单协议.jpg(success)
[0.25]66跟单成功.jpg(success)
[0.5]67跟单管理.jpg(success)
[0.5]68编辑跟单.jpg(success)
[0.2]69取消跟随.jpg(success)
[1]70在线客服.jpg(success)
[0.25]71建议反馈.jpg(success)
[0.5]72设置.jpg(success)
[0.25]73设置昵称.jpg(success)
[0.5]74个人简介.jpg(success)
[0.5]75语言版本.jpg(success)
